Start testing: Nov 27 23:45 CET
----------------------------------------------------------
1/8 Testing: Execute
1/8 Test: Execute
Command: "/mnt/c/Users/Navaljit Ghotra/Uni/TKN-RN/Praxis1/test/execute.py" "/mnt/c/Users/Navaljit Ghotra/Uni/TKN-RN/Praxis1/cmake-build-debug-wsl/webserver"
Directory: /mnt/c/Users/Navaljit Ghotra/Uni/TKN-RN/Praxis1/cmake-build-debug-wsl
"Execute" start time: Nov 27 23:45 CET
Output:
----------------------------------------------------------
<end of output>
Test time =   0.15 sec
----------------------------------------------------------
Test Passed.
"Execute" end time: Nov 27 23:45 CET
"Execute" time elapsed: 00:00:00
----------------------------------------------------------

2/8 Testing: Listen
2/8 Test: Listen
Command: "/mnt/c/Users/Navaljit Ghotra/Uni/TKN-RN/Praxis1/test/listen.py" "/mnt/c/Users/Navaljit Ghotra/Uni/TKN-RN/Praxis1/cmake-build-debug-wsl/webserver"
Directory: /mnt/c/Users/Navaljit Ghotra/Uni/TKN-RN/Praxis1/cmake-build-debug-wsl
"Listen" start time: Nov 27 23:45 CET
Output:
----------------------------------------------------------
<end of output>
Test time =   0.06 sec
----------------------------------------------------------
Test Passed.
"Listen" end time: Nov 27 23:45 CET
"Listen" time elapsed: 00:00:00
----------------------------------------------------------

3/8 Testing: Reply
3/8 Test: Reply
Command: "/mnt/c/Users/Navaljit Ghotra/Uni/TKN-RN/Praxis1/test/reply.py" "/mnt/c/Users/Navaljit Ghotra/Uni/TKN-RN/Praxis1/cmake-build-debug-wsl/webserver"
Directory: /mnt/c/Users/Navaljit Ghotra/Uni/TKN-RN/Praxis1/cmake-build-debug-wsl
"Reply" start time: Nov 27 23:45 CET
Output:
----------------------------------------------------------
<end of output>
Test time =   0.06 sec
----------------------------------------------------------
Test Passed.
"Reply" end time: Nov 27 23:45 CET
"Reply" time elapsed: 00:00:00
----------------------------------------------------------

4/8 Testing: Packets
4/8 Test: Packets
Command: "/mnt/c/Users/Navaljit Ghotra/Uni/TKN-RN/Praxis1/test/packets.py" "/mnt/c/Users/Navaljit Ghotra/Uni/TKN-RN/Praxis1/cmake-build-debug-wsl/webserver"
Directory: /mnt/c/Users/Navaljit Ghotra/Uni/TKN-RN/Praxis1/cmake-build-debug-wsl
"Packets" start time: Nov 27 23:45 CET
Output:
----------------------------------------------------------
<end of output>
Test time =   1.56 sec
----------------------------------------------------------
Test Passed.
"Packets" end time: Nov 27 23:45 CET
"Packets" time elapsed: 00:00:01
----------------------------------------------------------

5/8 Testing: HTTPReply
5/8 Test: HTTPReply
Command: "/mnt/c/Users/Navaljit Ghotra/Uni/TKN-RN/Praxis1/test/httpreply.py" "/mnt/c/Users/Navaljit Ghotra/Uni/TKN-RN/Praxis1/cmake-build-debug-wsl/webserver"
Directory: /mnt/c/Users/Navaljit Ghotra/Uni/TKN-RN/Praxis1/cmake-build-debug-wsl
"HTTPReply" start time: Nov 27 23:45 CET
Output:
----------------------------------------------------------
b'HTTP/1.0 400 Bad Request\r\nServer: Webserver-TKN_RN\r\nContent-Type: text/html; charset=iso-8859-1\r\nContent-Length: 0\r\n\r\n'
<end of output>
Test time =   0.56 sec
----------------------------------------------------------
Test Passed.
"HTTPReply" end time: Nov 27 23:45 CET
"HTTPReply" time elapsed: 00:00:00
----------------------------------------------------------

6/8 Testing: HTTPReplies
6/8 Test: HTTPReplies
Command: "/mnt/c/Users/Navaljit Ghotra/Uni/TKN-RN/Praxis1/test/httpreplies.py" "/mnt/c/Users/Navaljit Ghotra/Uni/TKN-RN/Praxis1/cmake-build-debug-wsl/webserver"
Directory: /mnt/c/Users/Navaljit Ghotra/Uni/TKN-RN/Praxis1/cmake-build-debug-wsl
"HTTPReplies" start time: Nov 27 23:45 CET
Output:
----------------------------------------------------------
<end of output>
Test time =   0.08 sec
----------------------------------------------------------
Test Passed.
"HTTPReplies" end time: Nov 27 23:45 CET
"HTTPReplies" time elapsed: 00:00:00
----------------------------------------------------------

7/8 Testing: StaticContent
7/8 Test: StaticContent
Command: "/mnt/c/Users/Navaljit Ghotra/Uni/TKN-RN/Praxis1/test/static_content.py" "/mnt/c/Users/Navaljit Ghotra/Uni/TKN-RN/Praxis1/cmake-build-debug-wsl/webserver"
Directory: /mnt/c/Users/Navaljit Ghotra/Uni/TKN-RN/Praxis1/cmake-build-debug-wsl
"StaticContent" start time: Nov 27 23:45 CET
Output:
----------------------------------------------------------
<end of output>
Test time =   0.08 sec
----------------------------------------------------------
Test Passed.
"StaticContent" end time: Nov 27 23:45 CET
"StaticContent" time elapsed: 00:00:00
----------------------------------------------------------

8/8 Testing: DynamicContent
8/8 Test: DynamicContent
Command: "/mnt/c/Users/Navaljit Ghotra/Uni/TKN-RN/Praxis1/test/dynamic_content.py" "/mnt/c/Users/Navaljit Ghotra/Uni/TKN-RN/Praxis1/cmake-build-debug-wsl/webserver"
Directory: /mnt/c/Users/Navaljit Ghotra/Uni/TKN-RN/Praxis1/cmake-build-debug-wsl
"DynamicContent" start time: Nov 27 23:45 CET
Output:
----------------------------------------------------------
Status:  201 
 b'' 

<end of output>
Test time =   0.08 sec
----------------------------------------------------------
Test Passed.
"DynamicContent" end time: Nov 27 23:45 CET
"DynamicContent" time elapsed: 00:00:00
----------------------------------------------------------

End testing: Nov 27 23:45 CET
